
> web@0.1.0 dev
> next dev --port 3010

Ôû▓ Next.js 16.1.6 (Turbopack)
- Local:         http://localhost:3010
- Network:       http://100.119.194.100:3010

Ô£ô Starting...
Ô£ô Ready in 3.7s
Ôùï Compiling / ...
 GET / 200 in 170ms (compile: 15ms, render: 156ms)
ÔÜá Cross origin request detected from 127.0.0.1 to /_next/* resource. In a future major version of Next.js, you will need to explicitly configure "allowedDevOrigins" in next.config to allow this.
Read more: https://nextjs.org/docs/app/api-reference/config/next-config-js/allowedDevOrigins
 GET / 200 in 204ms (compile: 17ms, render: 187ms)
Ô£ô Compiled in 250ms
 GET / 200 in 680ms (compile: 245ms, render: 435ms)
 GET / 200 in 387ms (compile: 26ms, render: 361ms)
 GET / 200 in 362ms (compile: 34ms, render: 328ms)
 GET / 200 in 388ms (compile: 28ms, render: 361ms)
 GET / 200 in 277ms (compile: 16ms, render: 261ms)
 GET / 200 in 354ms (compile: 16ms, render: 338ms)
 GET / 200 in 309ms (compile: 17ms, render: 292ms)
 GET / 200 in 228ms (compile: 31ms, render: 197ms)
 GET / 200 in 232ms (compile: 16ms, render: 217ms)
 GET / 200 in 367ms (compile: 8ms, render: 359ms)
 GET / 200 in 429ms (compile: 26ms, render: 403ms)
 GET / 200 in 413ms (compile: 44ms, render: 369ms)
 GET / 200 in 374ms (compile: 20ms, render: 354ms)
 GET / 200 in 357ms (compile: 19ms, render: 338ms)
 GET / 200 in 371ms (compile: 15ms, render: 356ms)
 GET / 200 in 374ms (compile: 16ms, render: 358ms)
 GET / 200 in 381ms (compile: 18ms, render: 363ms)
 GET / 200 in 371ms (compile: 16ms, render: 355ms)
 GET / 200 in 449ms (compile: 14ms, render: 435ms)
 GET / 200 in 460ms (compile: 25ms, render: 435ms)
 GET / 200 in 440ms (compile: 11ms, render: 429ms)
 GET / 200 in 439ms (compile: 28ms, render: 411ms)
 GET / 200 in 362ms (compile: 15ms, render: 347ms)
 GET / 200 in 274ms (compile: 15ms, render: 259ms)
 GET / 200 in 200ms (compile: 21ms, render: 179ms)
 GET / 200 in 111ms (compile: 16ms, render: 95ms)
Ô£ô Compiled in 237ms
 GET / 200 in 1145ms (compile: 277ms, render: 869ms)
 GET / 200 in 807ms (compile: 14ms, render: 793ms)
Ô£ô Compiled in 178ms
Ô£ô Compiled in 148ms
 GET / 200 in 610ms (compile: 211ms, render: 399ms)
 GET / 200 in 439ms (compile: 26ms, render: 413ms)
 GET / 200 in 307ms (compile: 20ms, render: 287ms)
 GET / 200 in 292ms (compile: 22ms, render: 270ms)
 GET / 200 in 292ms (compile: 15ms, render: 277ms)
 GET / 200 in 335ms (compile: 13ms, render: 322ms)
 GET / 200 in 306ms (compile: 21ms, render: 285ms)
 GET / 200 in 228ms (compile: 17ms, render: 211ms)
 GET / 200 in 248ms (compile: 21ms, render: 227ms)
 GET / 200 in 362ms (compile: 16ms, render: 347ms)
 GET / 200 in 403ms (compile: 9ms, render: 394ms)
 GET / 200 in 421ms (compile: 30ms, render: 391ms)
 GET / 200 in 399ms (compile: 15ms, render: 383ms)
 GET / 200 in 375ms (compile: 15ms, render: 360ms)
 GET / 200 in 357ms (compile: 24ms, render: 334ms)
 GET / 200 in 329ms (compile: 27ms, render: 302ms)
 GET / 200 in 325ms (compile: 13ms, render: 311ms)
 GET / 200 in 333ms (compile: 14ms, render: 319ms)
 GET / 200 in 337ms (compile: 12ms, render: 325ms)
 GET / 200 in 326ms (compile: 20ms, render: 306ms)
 GET / 200 in 252ms (compile: 16ms, render: 237ms)
 GET / 200 in 235ms (compile: 14ms, render: 220ms)
 GET / 200 in 249ms (compile: 13ms, render: 236ms)
 GET / 200 in 257ms (compile: 17ms, render: 240ms)
 GET / 200 in 254ms (compile: 16ms, render: 238ms)
 GET / 200 in 246ms (compile: 19ms, render: 227ms)
 GET / 200 in 163ms (compile: 18ms, render: 146ms)
 GET / 200 in 95ms (compile: 27ms, render: 67ms)
 GET /inbox 200 in 3.7s (compile: 2.9s, render: 814ms)
 GET /inbox 200 in 206ms (compile: 12ms, render: 194ms)
 GET /inbox 200 in 131ms (compile: 8ms, render: 124ms)
 GET /inbox 200 in 211ms (compile: 8ms, render: 203ms)
Ôùï Compiling /pipelines ...
 GET /pipelines 200 in 9.0s (compile: 8.6s, render: 398ms)
 GET /pipelines 200 in 2.1s (compile: 1775ms, render: 324ms)
 GET /inbox 200 in 182ms (compile: 13ms, render: 170ms)
